{"name": "Проверка увеличения счетчика «Выполнено за сегодня» после создания заказа", "status": "failed", "statusDetails": {"message": "AssertionError: assert '1126' != '1126'", "trace": "self = <test_feed_orders.TestFeedOrdersPage object at 0x10671fd30>, feed_page = <pages.feed_page.FeedPage object at 0x10671f910>\nlogin_page = <pages.login_page.LoginPage object at 0x10677cca0>, main_page = <pages.main_page.MainPage object at 0x10677c850>\nregistration = ('cherenkova_068931@ya.ru', 'auedhmamlg')\n\n    @allure.title('Проверка увеличения счетчика «Выполнено за сегодня» после создания заказа')\n    @allure.description('Проверяем, что счетчик «Выполнено за сегодня» увеличивается на странице «Лента заказов»')\n    def test_check_rise_counter_day_after_made_order(self, feed_page, login_page, main_page, registration):\n        feed_page.open_feed_page()\n        counter_before = feed_page.check_counter_day()\n        login_page.log_in_main_page(registration)\n        main_page.create_order()\n        feed_page.open_feed_page()\n        counter_after = feed_page.check_counter_day()\n>       assert counter_before != counter_after\nE       AssertionError: assert '1126' != '1126'\n\ntests/test_feed_orders.py:43: AssertionError"}, "description": "Проверяем, что счетчик «Выполнено за сегодня» увеличивается на странице «Лента заказов»", "steps": [{"name": "Открыть страницу лента заказов", "status": "passed", "start": 1714922061444, "stop": 1714922064762}, {"name": "Проверка значения счетчика «Выполнено за сегодня»", "status": "passed", "start": 1714922064762, "stop": 1714922064780}, {"name": "Авторизоваться", "status": "passed", "steps": [{"name": "Открыть страницу авторизации", "status": "passed", "start": 1714922064780, "stop": 1714922066248}, {"name": "Авторизоваться новым пользователем без заказа", "status": "passed", "parameters": [{"name": "registration", "value": "('cherenkova_068931@ya.ru', 'auedhmamlg')"}], "start": 1714922066248, "stop": 1714922067035}], "parameters": [{"name": "registration", "value": "('cherenkova_068931@ya.ru', 'auedhmamlg')"}], "start": 1714922064780, "stop": 1714922067035}, {"name": "Оформить заказ", "status": "passed", "steps": [{"name": "Открыть главную страницу Stellar Burgers", "status": "passed", "start": 1714922067035, "stop": 1714922068188}, {"name": "Добавить ингредиент в заказ", "status": "passed", "start": 1714922068188, "stop": 1714922068728}, {"name": "Тапнуть на кнопку «Оформить заказ", "status": "passed", "start": 1714922068728, "stop": 1714922069058}], "start": 1714922067035, "stop": 1714922069058}, {"name": "Открыть страницу лента заказов", "status": "passed", "start": 1714922069058, "stop": 1714922070216}, {"name": "Проверка значения счетчика «Выполнено за сегодня»", "status": "passed", "start": 1714922070216, "stop": 1714922070236}], "parameters": [{"name": "driver", "value": "'firefox'"}], "start": 1714922061443, "stop": 1714922070236, "uuid": "902edc40-8e0d-42bf-9a06-021beebde7e7", "historyId": "e7d5b3276f140071f985cfd92350052c", "testCaseId": "e3e158326e3767f1d01532dd73a5feed", "fullName": "tests.test_feed_orders.TestFeedOrdersPage#test_check_rise_counter_day_after_made_order", "labels": [{"name": "parentSuite", "value": "tests"}, {"name": "suite", "value": "test_feed_orders"}, {"name": "subSuite", "value": "TestFeedOrdersPage"}, {"name": "host", "value": "MacBook-Air-Antonina.local"}, {"name": "thread", "value": "34826-MainThread"}, {"name": "framework", "value": "pytest"}, {"name": "language", "value": "cpython3"}, {"name": "package", "value": "tests.test_feed_orders"}]}